Arguments: 
  C:\Program Files\nodejs\node.exe C:\Program Files (x86)\Yarn\bin\yarn.js

PATH: 
  C:\Users\user\AppData\Roaming\npm\node_modules\npm\node_modules\npm-lifecycle\node-gyp-bin;C:\Users\user\Source\Repos\snowyowlanimatronic\snowyowl-app\dist\node_modules\.bin;C:\Python27\;C:\Python27\Scripts;c:\program files\graphicsmagick-1.3.25-q16;C:\ProgramData\Oracle\Java\javapath;C:\Program Files (x86)\Intel\iCLS Client\;C:\Program Files\Intel\iCLS Client\;C:\PROGRAM FILES\DELL\DW WLAN CARD;C:\WINDOWS\SYSTEM32;C:\WINDOWS;C:\WINDOWS\SYSTEM32\WBEM;C:\WINDOWS\SYSTEM32\WINDOWSPOWERSHELL\V1.0\;C:\Program Files\WIDCOMM\Bluetooth Software\;C:\Program Files\WIDCOMM\Bluetooth Software\syswow64;C:\Program Files\Intel\Intel(R) Management Engine Components\DAL;C:\Program Files\Intel\Intel(R) Management Engine Components\IPT;C:\Program Files (x86)\Intel\Intel(R) Management Engine Components\DAL;C:\Program Files (x86)\Intel\Intel(R) Management Engine Components\IPT;C:\Program Files (x86)\Intel\OpenCL SDK\2.0\bin\x86;C:\Program Files (x86)\Intel\OpenCL SDK\2.0\bin\x64;C:\Program Files\Intel\WiFi\bin\;C:\Program Files\Common Files\Intel\WirelessCommon\;C:\WINDOWS\system32;C:\WINDOWS\System32\Wbem;C:\WINDOWS\System32\WindowsPowerShell\v1.0\;C:\Program Files\PostgreSQL\pg93\bin;C:\Program Files\Microsoft SQL Server\130\Tools\Binn\;C:\Program Files\dotnet\;C:\Program Files (x86)\GitExtensions\;C:\Program Files\Microsoft SQL Server\Client SDK\ODBC\130\Tools\Binn\;C:\Program Files (x86)\Microsoft SQL Server\130\Tools\Binn\;C:\Program Files\Microsoft SQL Server\130\DTS\Binn\;C:\Program Files (x86)\QuickTime\QTSystem\;C:\Program Files (x86)\Brackets\command;C:\xampp\php;C:\ProgramData\ComposerSetup\bin;C:\Program Files (x86)\Skype\Phone\;C:\Program Files (x86)\OpenShift-CLI\;C:\Program Files (x86)\Google\Cloud SDK\google-cloud-sdk\bin;C:\Program Files\MySQL\MySQL Utilities 1.6\;C:\Program Files\MySQL\MySQL Server 5.7\bin\;C:\J2EETutorial\apache-maven-3.5.0\bin;C:\Program Files (x86)\Microsoft SQL Server\Client SDK\ODBC\130\Tools\Binn\;C:\Program Files (x86)\Microsoft SQL Server\140\Tools\Binn\;C:\Program Files (x86)\Microsoft SQL Server\140\DTS\Binn\;C:\Program Files (x86)\Microsoft SQL Server\140\Tools\Binn\ManagementStudio\;C:\Program Files\Microsoft SQL Server\120\Tools\Binn\;C:\WINDOWS\system32;C:\WINDOWS;C:\WINDOWS\System32\Wbem;C:\WINDOWS\System32\WindowsPowerShell\v1.0\;C:\Program Files\Git\cmd;C:\Program Files (x86)\Windows Live\Shared;C:\Program Files (x86)\Yarn\bin\;C:\Program Files (x86)\Windows Kits\8.1\Windows Performance Toolkit\;C:\Users\user\AppData\Roaming\nvm;C:\Program Files\nodejs;C:\Ruby25-x64\bin;C:\Users\user\AppData\Local\Programs\Python\Python35-32\Scripts\;C:\Users\user\AppData\Local\Programs\Python\Python35-32\;C:\Program Files\Java\jdk1.8.0_91\bin;C:\Program Files\MongoDB\Server\3.2\bin;C:\Program Files\MySQL\mysql-connector-java-5.1.39;C:\Program Files\Java\jdk1.8.0_91\jre\bin;C:\Users\user\AppData\Roaming\Composer\vendor\bin;C:\Users\user\AppData\Local\Google\Cloud SDK\google-cloud-sdk\bin;C:\Users\user\AppData\Local\Microsoft\WindowsApps;C:\Program Files\Microsoft VS Code\bin;C:\Users\user\AppData\Local\Yarn\bin;C:\Users\user\AppData\Roaming\npm

Yarn version: 
  1.5.1

Node version: 
  8.10.0

Platform: 
  win32 x64

npm manifest: 
  {
    "name": "snowyowl-app",
    "version": "0.1.0",
    "description": "Snowy Owl App",
    "main": "index.js",
    "scripts": {
      "test": "echo \"Error: no test specified\" && exit 1",
      "installPackages": "yarn && bower install"
    },
    "repository": {
      "type": "git",
      "url": "git+ssh://git@github.com/snowyowlanimatronic/snowyowl-app.git"
    },
    "dependencies": {
      "body-parser": "*",
      "bower": "^1.8.4",
      "compression": "^1.6.0",
      "express": "*",
      "g": "^2.0.1",
      "pulp": "^11.0.0",
      "purescript": "^0.11.6",
      "purescript-psa": "0.5.1",
      "t2-cli": "^0.1.18",
      "xhr2": "^0.1.3"
    },
    "keywords": [
      "Tessel"
    ],
    "author": "Snowy Owl Animatronic",
    "license": "ISC",
    "readme": "A Snowy Owl.",
    "bugs": {
      "url": "https://github.com/snowyowlanimatronic/snowyowl-app/issues"
    },
    "homepage": "https://github.com/snowyowlanimatronic/snowyowl-app#readme"
  }

yarn manifest: 
  No manifest

Lockfile: 
  No lockfile

Trace: 
  Error: connect ETIMEDOUT 151.101.36.162:443
      at Object._errnoException (util.js:1022:11)
      at _exceptionWithHostPort (util.js:1044:20)
      at TCPConnectWrap.afterConnect [as oncomplete] (net.js:1198:14)
